2023-04-03 03:20:20.116063 - Initialized conversion of CBT873
2023-04-03 03:20:20.450998 - Received SBGOLOB.CBT505.FILE873 from FILE873.XMI 
2023-04-03 03:20:20.453502 - Found $$$#DATE.txt (text/plain) in SBGOLOB.CBT505.FILE873, moved to FILE873/$$$#DATE
2023-04-03 03:20:20.454762 - Found $ULUNOTE.txt (text/plain) in SBGOLOB.CBT505.FILE873, moved to FILE873/$ULUNOTE
2023-04-03 03:20:20.455818 - Found @FILE873.txt (text/plain) in SBGOLOB.CBT505.FILE873, moved to FILE873/@FILE873
2023-04-03 03:20:20.456797 - Found IOSDIOVT.txt (text/plain) in SBGOLOB.CBT505.FILE873, moved to FILE873/IOSDIOVT
2023-04-03 03:20:20.458070 - Found IOSDULUT.txt (text/plain) in SBGOLOB.CBT505.FILE873, moved to FILE873/IOSDULUT
2023-04-03 03:20:20.459190 - Found IOSDULU2.txt (text/plain) in SBGOLOB.CBT505.FILE873, moved to FILE873/IOSDULU2
2023-04-03 03:20:20.460298 - Found IOSDULU3.txt (text/plain) in SBGOLOB.CBT505.FILE873, moved to FILE873/IOSDULU3
2023-04-03 03:20:20.461346 - Found TSOB.rexx (text/plain) in SBGOLOB.CBT505.FILE873, moved to FILE873/TSOB
2023-04-03 03:20:20.462452 - Found TSOE.rexx (text/plain) in SBGOLOB.CBT505.FILE873, moved to FILE873/TSOE
2023-04-03 03:20:20.463549 - Found TSOR.rexx (text/plain) in SBGOLOB.CBT505.FILE873, moved to FILE873/TSOR
2023-04-03 03:20:20.464572 - Found TSOV.rexx (text/plain) in SBGOLOB.CBT505.FILE873, moved to FILE873/TSOV
2023-04-03 03:20:20.465666 - Found ULUDASD.txt (text/plain) in SBGOLOB.CBT505.FILE873, moved to FILE873/ULUDASD
2023-04-03 03:20:20.467717 - Found ULUDASD$.jcl (text/plain) in SBGOLOB.CBT505.FILE873, moved to FILE873/ULUDASD$
2023-04-03 03:20:20.468994 - Found ULUDASD#.txt (text/plain) in SBGOLOB.CBT505.FILE873, moved to FILE873/ULUDASD#
2023-04-03 03:20:20.470206 - Found ULUDASD1.txt (text/plain) in SBGOLOB.CBT505.FILE873, moved to FILE873/ULUDASD1
2023-04-03 03:20:20.471467 - Found ULUDASD2.txt (text/plain) in SBGOLOB.CBT505.FILE873, moved to FILE873/ULUDASD2
2023-04-03 03:20:20.472462 - Found ULUDIAG.txt (text/plain) in SBGOLOB.CBT505.FILE873, moved to FILE873/ULUDIAG
2023-04-03 03:20:20.473445 - Found ULUDIAG$.jcl (text/plain) in SBGOLOB.CBT505.FILE873, moved to FILE873/ULUDIAG$
2023-04-03 03:20:20.474605 - Found ULUDIAG1.txt (text/plain) in SBGOLOB.CBT505.FILE873, moved to FILE873/ULUDIAG1
2023-04-03 03:20:20.475646 - Found ULUDSECT.txt (text/plain) in SBGOLOB.CBT505.FILE873, moved to FILE873/ULUDSECT
2023-04-03 03:20:20.477097 - Found ULUDSEC1.txt (text/plain) in SBGOLOB.CBT505.FILE873, moved to FILE873/ULUDSEC1
2023-04-03 03:20:20.478369 - Found ULUINIT.txt (text/plain) in SBGOLOB.CBT505.FILE873, moved to FILE873/ULUINIT
2023-04-03 03:20:20.479611 - Found ULUINIT1.txt (text/plain) in SBGOLOB.CBT505.FILE873, moved to FILE873/ULUINIT1
2023-04-03 03:20:20.480863 - Found ULUSAMP1.txt (text/plain) in SBGOLOB.CBT505.FILE873, moved to FILE873/ULUSAMP1
2023-04-03 03:20:20.482064 - Found ULUSAMP2.txt (text/plain) in SBGOLOB.CBT505.FILE873, moved to FILE873/ULUSAMP2
2023-04-03 03:20:20.483304 - Found ULUSAMP3.txt (text/plain) in SBGOLOB.CBT505.FILE873, moved to FILE873/ULUSAMP3
2023-04-03 03:20:20.484286 - Found ULUSCAN.txt (text/plain) in SBGOLOB.CBT505.FILE873, moved to FILE873/ULUSCAN
2023-04-03 03:20:20.485611 - Found ULUSCAN1.txt (text/plain) in SBGOLOB.CBT505.FILE873, moved to FILE873/ULUSCAN1
2023-04-03 03:20:20.486875 - Found ULUTAPE.txt (text/plain) in SBGOLOB.CBT505.FILE873, moved to FILE873/ULUTAPE
2023-04-03 03:20:20.488074 - Found ULUTAPE$.jcl (text/plain) in SBGOLOB.CBT505.FILE873, moved to FILE873/ULUTAPE$
2023-04-03 03:20:20.489358 - Found ULUTAPE#.txt (text/plain) in SBGOLOB.CBT505.FILE873, moved to FILE873/ULUTAPE#
2023-04-03 03:20:20.490638 - Found ULUTAPE1.txt (text/plain) in SBGOLOB.CBT505.FILE873, moved to FILE873/ULUTAPE1
2023-04-03 03:20:20.491707 - Found ULUTYPE.txt (text/plain) in SBGOLOB.CBT505.FILE873, moved to FILE873/ULUTYPE
2023-04-03 03:20:20.492810 - Found ULUTYPE$.jcl (text/plain) in SBGOLOB.CBT505.FILE873, moved to FILE873/ULUTYPE$
2023-04-03 03:20:20.494182 - Found ULUTYPE1.txt (text/plain) in SBGOLOB.CBT505.FILE873, moved to FILE873/ULUTYPE1
2023-04-03 03:20:20.495365 - Found ULUVOLS.txt (text/plain) in SBGOLOB.CBT505.FILE873, moved to FILE873/ULUVOLS
2023-04-03 03:20:20.496756 - Found ULUVOLS$.jcl (text/plain) in SBGOLOB.CBT505.FILE873, moved to FILE873/ULUVOLS$
